# JRE version: Java(TM) SE Runtime Environment (20.0.2+9) (build 20.0.2+9-78)
# Java VM: Java HotSpot(TM) 64-Bit Server VM (20.0.2+9-78, mixed mode, emulated-client, sharing, tiered, compressed oops, compressed class ptrs, g1 gc, windows-amd64)
GC Precious Log:
 CardTable entry size: 512
 Card Set container configuration: InlinePtr #cards 5 size 8 Array Of Cards #cards 12 size 40 Howl #buckets 4 coarsen threshold 1843 Howl Bitmap #cards 512 size 80 coarsen threshold 460 Card regions per heap region 1 cards per card region 2048
 CPUs: 16 total, 16 available
 Memory: 7563M
 Large Page Support: Disabled
 NUMA Support: Disabled
 Compressed Oops: Enabled (32-bit)
 Heap Region Size: 1M
 Heap Min Capacity: 8M
 Heap Initial Capacity: 120M
 Heap Max Capacity: 1892M
 Pre-touch: Disabled
 Parallel Workers: 13
 Concurrent Workers: 3
 Concurrent Refinement Workers: 13
 Periodic GC: Disabled
Heap:
 garbage-first heap   total 65536K, used 34551K [0x0000000089c00000, 0x0000000100000000)
  region size 1024K, 1 young (1024K), 1 survivors (1024K)
 Metaspace       used 61820K, committed 62656K, reserved 1114112K
  class space    used 8832K, committed 9216K, reserved 1048576K
GC Heap History (20 events):
Event: 8.420 GC heap after
{Heap after GC invocations=5 (full 0):
 garbage-first heap   total 65536K, used 19933K [0x0000000089c00000, 0x0000000100000000)
  region size 1024K, 3 young (3072K), 3 survivors (3072K)
 Metaspace       used 23602K, committed 24064K, reserved 1114112K
  class space    used 3119K, committed 3328K, reserved 1048576K
}
Event: 10.988 GC heap before
{Heap before GC invocations=5 (full 0):
 garbage-first heap   total 65536K, used 49629K [0x0000000089c00000, 0x0000000100000000)
  region size 1024K, 32 young (32768K), 3 survivors (3072K)
 Metaspace       used 27673K, committed 28288K, reserved 1114112K
  class space    used 3737K, committed 4032K, reserved 1048576K
}
Event: 11.003 GC heap after
{Heap after GC invocations=6 (full 0):
 garbage-first heap   total 65536K, used 22385K [0x0000000089c00000, 0x0000000100000000)
  region size 1024K, 3 young (3072K), 3 survivors (3072K)
 Metaspace       used 27673K, committed 28288K, reserved 1114112K
  class space    used 3737K, committed 4032K, reserved 1048576K
}
Event: 12.164 GC heap before
{Heap before GC invocations=6 (full 0):
 garbage-first heap   total 65536K, used 52081K [0x0000000089c00000, 0x0000000100000000)
  region size 1024K, 32 young (32768K), 3 survivors (3072K)
 Metaspace       used 32620K, committed 33216K, reserved 1114112K
  class space    used 4415K, committed 4672K, reserved 1048576K
}
Event: 12.179 GC heap after
{Heap after GC invocations=7 (full 0):
 garbage-first heap   total 65536K, used 24729K [0x0000000089c00000, 0x0000000100000000)
  region size 1024K, 3 young (3072K), 3 survivors (3072K)
 Metaspace       used 32620K, committed 33216K, reserved 1114112K
  class space    used 4415K, committed 4672K, reserved 1048576K
}
Event: 12.316 GC heap before
{Heap before GC invocations=7 (full 0):
 garbage-first heap   total 65536K, used 27801K [0x0000000089c00000, 0x0000000100000000)
  region size 1024K, 7 young (7168K), 3 survivors (3072K)
 Metaspace       used 33787K, committed 34368K, reserved 1114112K
  class space    used 4581K, committed 4864K, reserved 1048576K
}
Event: 12.323 GC heap after
{Heap after GC invocations=8 (full 0):
 garbage-first heap   total 65536K, used 25025K [0x0000000089c00000, 0x0000000100000000)
  region size 1024K, 1 young (1024K), 1 survivors (1024K)
 Metaspace       used 33787K, committed 34368K, reserved 1114112K
  class space    used 4581K, committed 4864K, reserved 1048576K
}
Event: 13.568 GC heap before
{Heap before GC invocations=9 (full 0):
 garbage-first heap   total 65536K, used 54721K [0x0000000089c00000, 0x0000000100000000)
  region size 1024K, 30 young (30720K), 1 survivors (1024K)
 Metaspace       used 41513K, committed 42176K, reserved 1114112K
  class space    used 5723K, committed 6016K, reserved 1048576K
}
Event: 13.575 GC heap after
{Heap after GC invocations=10 (full 0):
 garbage-first heap   total 65536K, used 27450K [0x0000000089c00000, 0x0000000100000000)
  region size 1024K, 3 young (3072K), 3 survivors (3072K)
 Metaspace       used 41513K, committed 42176K, reserved 1114112K
  class space    used 5723K, committed 6016K, reserved 1048576K
}
Event: 14.568 GC heap before
{Heap before GC invocations=10 (full 0):
 garbage-first heap   total 65536K, used 56122K [0x0000000089c00000, 0x0000000100000000)
  region size 1024K, 31 young (31744K), 3 survivors (3072K)
 Metaspace       used 48791K, committed 49472K, reserved 1114112K
  class space    used 6733K, committed 7040K, reserved 1048576K
}
Event: 14.582 GC heap after
{Heap after GC invocations=11 (full 0):
 garbage-first heap   total 65536K, used 28890K [0x0000000089c00000, 0x0000000100000000)
  region size 1024K, 2 young (2048K), 2 survivors (2048K)
 Metaspace       used 48791K, committed 49472K, reserved 1114112K
  class space    used 6733K, committed 7040K, reserved 1048576K
}
Event: 15.447 GC heap before
{Heap before GC invocations=11 (full 0):
 garbage-first heap   total 65536K, used 56538K [0x0000000089c00000, 0x0000000100000000)
  region size 1024K, 29 young (29696K), 2 survivors (2048K)
 Metaspace       used 53073K, committed 53760K, reserved 1114112K
  class space    used 7424K, committed 7744K, reserved 1048576K
}
Event: 15.455 GC heap after
{Heap after GC invocations=12 (full 0):
 garbage-first heap   total 65536K, used 29685K [0x0000000089c00000, 0x0000000100000000)
  region size 1024K, 3 young (3072K), 3 survivors (3072K)
 Metaspace       used 53073K, committed 53760K, reserved 1114112K
  class space    used 7424K, committed 7744K, reserved 1048576K
}
Event: 16.274 GC heap before
{Heap before GC invocations=12 (full 0):
 garbage-first heap   total 65536K, used 47093K [0x0000000089c00000, 0x0000000100000000)
  region size 1024K, 21 young (21504K), 3 survivors (3072K)
 Metaspace       used 56847K, committed 57536K, reserved 1114112K
  class space    used 7954K, committed 8256K, reserved 1048576K
}
Event: 16.284 GC heap after
{Heap after GC invocations=13 (full 0):
 garbage-first heap   total 65536K, used 30644K [0x0000000089c00000, 0x0000000100000000)
  region size 1024K, 2 young (2048K), 2 survivors (2048K)
 Metaspace       used 56847K, committed 57536K, reserved 1114112K
  class space    used 7954K, committed 8256K, reserved 1048576K
}
Event: 17.302 GC heap before
{Heap before GC invocations=14 (full 0):
 garbage-first heap   total 65536K, used 58292K [0x0000000089c00000, 0x0000000100000000)
  region size 1024K, 29 young (29696K), 2 survivors (2048K)
 Metaspace       used 61775K, committed 62528K, reserved 1114112K
  class space    used 8825K, committed 9152K, reserved 1048576K
}
Event: 17.310 GC heap after
{Heap after GC invocations=15 (full 0):
 garbage-first heap   total 65536K, used 33453K [0x0000000089c00000, 0x0000000100000000)
  region size 1024K, 4 young (4096K), 4 survivors (4096K)
 Metaspace       used 61775K, committed 62528K, reserved 1114112K
  class space    used 8825K, committed 9152K, reserved 1048576K
}
Event: 17.414 GC heap before
{Heap before GC invocations=15 (full 0):
 garbage-first heap   total 65536K, used 57005K [0x0000000089c00000, 0x0000000100000000)
  region size 1024K, 27 young (27648K), 4 survivors (4096K)
 Metaspace       used 61812K, committed 62656K, reserved 1114112K
  class space    used 8832K, committed 9216K, reserved 1048576K
}
Event: 17.422 GC heap after
{Heap after GC invocations=16 (full 0):
 garbage-first heap   total 65536K, used 36232K [0x0000000089c00000, 0x0000000100000000)
  region size 1024K, 3 young (3072K), 3 survivors (3072K)
 Metaspace       used 61812K, committed 62656K, reserved 1114112K
  class space    used 8832K, committed 9216K, reserved 1048576K
}
Event: 17.535 GC heap before
{Heap before GC invocations=16 (full 0):
 garbage-first heap   total 65536K, used 57736K [0x0000000089c00000, 0x0000000100000000)
  region size 1024K, 24 young (24576K), 3 survivors (3072K)
 Metaspace       used 61820K, committed 62656K, reserved 1114112K
  class space    used 8832K, committed 9216K, reserved 1048576K
}

